<?xml version="1.0" encoding="UTF-8"?>
<testsuite name="centralregion.configapi.ConfigApiApplicationTests" tests="1" skipped="0" failures="0" errors="0" timestamp="2023-12-05T04:52:16" hostname="joyonghyeon-ui-MacBookPro.local" time="0.409">
  <properties/>
  <testcase name="contextLoads()" classname="centralregion.configapi.ConfigApiApplicationTests" time="0.409"/>
  <system-out><![CDATA[13:52:15.618 [Test worker] INFO org.springframework.test.context.support.AnnotationConfigContextLoaderUtils -- Could not detect default configuration classes for test class [centralregion.configapi.ConfigApiApplicationTests]: ConfigApiApplicationTests does not declare any static, non-private, non-final, nested classes annotated with @Configuration.
13:52:15.662 [Test worker] INFO org.springframework.boot.test.context.SpringBootTestContextBootstrapper -- Found @SpringBootConfiguration centralregion.configapi.ConfigApiApplication for test class centralregion.configapi.ConfigApiApplicationTests

  .   ____          _            __ _ _
 /\\ / ___'_ __ _ _(_)_ __  __ _ \ \ \ \
( ( )\___ | '_ | '_| | '_ \/ _` | \ \ \ \
 \\/  ___)| |_)| | | | | || (_| |  ) ) ) )
  '  |____| .__|_| |_|_| |_\__, | / / / /
 =========|_|==============|___/=/_/_/_/
 :: Spring Boot ::                (v3.2.0)

2023-12-05T13:52:15.876+09:00  INFO 64976 --- [adminApi] [    Test worker] c.configapi.ConfigApiApplicationTests    : Starting ConfigApiApplicationTests using Java 17.0.9 with PID 64976 (started by joyonghyeon in /Users/joyonghyeon/Desktop/rpms/configApi)
2023-12-05T13:52:15.877+09:00  INFO 64976 --- [adminApi] [    Test worker] c.configapi.ConfigApiApplicationTests    : No active profile set, falling back to 1 default profile: "default"
2023-12-05T13:52:16.224+09:00  INFO 64976 --- [adminApi] [    Test worker] o.s.cloud.context.scope.GenericScope     : BeanFactory id=2f00f2a2-2938-3bdb-b9e0-05b76601493c
2023-12-05T13:52:16.560+09:00  INFO 64976 --- [adminApi] [    Test worker] DiscoveryClientOptionalArgsConfiguration : Eureka HTTP Client uses RestTemplate.
2023-12-05T13:52:16.593+09:00  WARN 64976 --- [adminApi] [    Test worker] iguration$LoadBalancerCaffeineWarnLogger : Spring Cloud LoadBalancer is currently working with the default cache. While this cache implementation is useful for development and tests, it's recommended to use Caffeine cache in production.You can switch to using Caffeine cache, by adding it and org.springframework.cache.caffeine.CaffeineCacheManager to the classpath.
2023-12-05T13:52:16.604+09:00  INFO 64976 --- [adminApi] [    Test worker] o.s.c.n.eureka.InstanceInfoFactory       : Setting initial instance status as: STARTING
2023-12-05T13:52:16.648+09:00  INFO 64976 --- [adminApi] [    Test worker] com.netflix.discovery.DiscoveryClient    : Initializing Eureka in region us-east-1
2023-12-05T13:52:16.651+09:00  INFO 64976 --- [adminApi] [    Test worker] c.n.d.s.r.aws.ConfigClusterResolver      : Resolving eureka endpoints via configuration
2023-12-05T13:52:16.667+09:00  INFO 64976 --- [adminApi] [    Test worker] com.netflix.discovery.DiscoveryClient    : Disable delta property : false
2023-12-05T13:52:16.667+09:00  INFO 64976 --- [adminApi] [    Test worker] com.netflix.discovery.DiscoveryClient    : Single vip registry refresh property : null
2023-12-05T13:52:16.667+09:00  INFO 64976 --- [adminApi] [    Test worker] com.netflix.discovery.DiscoveryClient    : Force full registry fetch : false
2023-12-05T13:52:16.667+09:00  INFO 64976 --- [adminApi] [    Test worker] com.netflix.discovery.DiscoveryClient    : Application is null : false
2023-12-05T13:52:16.667+09:00  INFO 64976 --- [adminApi] [    Test worker] com.netflix.discovery.DiscoveryClient    : Registered Applications size is zero : true
2023-12-05T13:52:16.667+09:00  INFO 64976 --- [adminApi] [    Test worker] com.netflix.discovery.DiscoveryClient    : Application version is -1: true
2023-12-05T13:52:16.667+09:00  INFO 64976 --- [adminApi] [    Test worker] com.netflix.discovery.DiscoveryClient    : Getting all instance registry info from the eureka server
2023-12-05T13:52:16.865+09:00  INFO 64976 --- [adminApi] [    Test worker] com.netflix.discovery.DiscoveryClient    : The response status is 200
2023-12-05T13:52:16.867+09:00  INFO 64976 --- [adminApi] [    Test worker] com.netflix.discovery.DiscoveryClient    : Starting heartbeat executor: renew interval is: 30
2023-12-05T13:52:16.868+09:00  INFO 64976 --- [adminApi] [    Test worker] c.n.discovery.InstanceInfoReplicator     : InstanceInfoReplicator onDemand update allowed rate per min is 4
2023-12-05T13:52:16.870+09:00  INFO 64976 --- [adminApi] [    Test worker] com.netflix.discovery.DiscoveryClient    : Discovery Client initialized at timestamp 1701751936870 with initial instances count: 1
2023-12-05T13:52:16.872+09:00  INFO 64976 --- [adminApi] [    Test worker] o.s.c.n.e.s.EurekaServiceRegistry        : Registering application ADMINAPI with eureka with status UP
2023-12-05T13:52:16.872+09:00  INFO 64976 --- [adminApi] [    Test worker] com.netflix.discovery.DiscoveryClient    : Saw local status change event StatusChangeEvent [timestamp=1701751936872, current=UP, previous=STARTING]
2023-12-05T13:52:16.872+09:00  INFO 64976 --- [adminApi] [nfoReplicator-0] com.netflix.discovery.DiscoveryClient    : DiscoveryClient_ADMINAPI/172.30.1.101:adminApi:9002: registering service...
2023-12-05T13:52:16.880+09:00  INFO 64976 --- [adminApi] [    Test worker] c.configapi.ConfigApiApplicationTests    : Started ConfigApiApplicationTests in 1.159 seconds (process running for 1.634)
2023-12-05T13:52:16.893+09:00  INFO 64976 --- [adminApi] [nfoReplicator-0] com.netflix.discovery.DiscoveryClient    : DiscoveryClient_ADMINAPI/172.30.1.101:adminApi:9002 - registration status: 204
]]></system-out>
  <system-err><![CDATA[]]></system-err>
</testsuite>
